<?xml version="1.0" encoding="UTF-8"?>
<testng-results skipped="0" failed="1" ignored="0" total="9" passed="8">
  <reporter-output>
  </reporter-output>
  <suite name="Suite" duration-ms="105008" started-at="2019-12-02T21:20:34 GMT" finished-at="2019-12-02T21:22:19 GMT">
    <groups>
    </groups>
    <test name="Test1" duration-ms="18919" started-at="2019-12-02T21:20:34 GMT" finished-at="2019-12-02T21:20:53 GMT">
      <class name="project123.CarRenewalTest">
        <test-method status="PASS" signature="homePageNavigation()[pri:0, instance:project123.CarRenewalTest@9660f4e]" name="homePageNavigation" is-config="true" duration-ms="12460" started-at="2019-12-02T21:20:34 GMT" finished-at="2019-12-02T21:20:46 GMT">
          <reporter-output>
          </reporter-output>
        </test-method> <!-- homePageNavigation -->
        <test-method status="PASS" signature="carRenewal()[pri:1, instance:project123.CarRenewalTest@9660f4e]" name="carRenewal" duration-ms="5415" started-at="2019-12-02T21:20:46 GMT" finished-at="2019-12-02T21:20:52 GMT">
          <reporter-output>
          </reporter-output>
        </test-method> <!-- carRenewal -->
        <test-method status="PASS" signature="pageTitle()[pri:2, instance:project123.CarRenewalTest@9660f4e]" name="pageTitle" duration-ms="21" started-at="2019-12-02T21:20:52 GMT" finished-at="2019-12-02T21:20:52 GMT">
          <reporter-output>
          </reporter-output>
        </test-method> <!-- pageTitle -->
        <test-method status="PASS" signature="carRenewalPolicyNumberField()[pri:3, instance:project123.CarRenewalTest@9660f4e]" name="carRenewalPolicyNumberField" duration-ms="382" started-at="2019-12-02T21:20:52 GMT" finished-at="2019-12-02T21:20:52 GMT">
          <reporter-output>
          </reporter-output>
        </test-method> <!-- carRenewalPolicyNumberField -->
        <test-method status="PASS" signature="carRenewalDateOfBirthField()[pri:4, instance:project123.CarRenewalTest@9660f4e]" name="carRenewalDateOfBirthField" duration-ms="135" started-at="2019-12-02T21:20:52 GMT" finished-at="2019-12-02T21:20:52 GMT">
          <reporter-output>
          </reporter-output>
        </test-method> <!-- carRenewalDateOfBirthField -->
        <test-method status="PASS" signature="carRenewalLoginButton()[pri:5, instance:project123.CarRenewalTest@9660f4e]" name="carRenewalLoginButton" duration-ms="119" started-at="2019-12-02T21:20:52 GMT" finished-at="2019-12-02T21:20:53 GMT">
          <reporter-output>
          </reporter-output>
        </test-method> <!-- carRenewalLoginButton -->
        <test-method status="PASS" signature="teardown()[pri:0, instance:project123.CarRenewalTest@9660f4e]" name="teardown" is-config="true" duration-ms="282" started-at="2019-12-02T21:20:53 GMT" finished-at="2019-12-02T21:20:53 GMT">
          <reporter-output>
          </reporter-output>
        </test-method> <!-- teardown -->
      </class> <!-- project123.CarRenewalTest -->
    </test> <!-- Test1 -->
    <test name="Test2" duration-ms="27955" started-at="2019-12-02T21:20:53 GMT" finished-at="2019-12-02T21:21:21 GMT">
      <class name="project123.HomeTest">
        <test-method status="PASS" signature="homePageNavigation()[pri:0, instance:project123.HomeTest@3b088d51]" name="homePageNavigation" is-config="true" duration-ms="7800" started-at="2019-12-02T21:20:53 GMT" finished-at="2019-12-02T21:21:01 GMT">
          <reporter-output>
          </reporter-output>
        </test-method> <!-- homePageNavigation -->
        <test-method status="PASS" signature="navigateToHomeQuotePage()[pri:1, instance:project123.HomeTest@3b088d51]" name="navigateToHomeQuotePage" duration-ms="4451" started-at="2019-12-02T21:21:01 GMT" finished-at="2019-12-02T21:21:06 GMT">
          <reporter-output>
          </reporter-output>
        </test-method> <!-- navigateToHomeQuotePage -->
        <test-method status="PASS" signature="homeQuote()[pri:2, instance:project123.HomeTest@3b088d51]" name="homeQuote" duration-ms="15383" started-at="2019-12-02T21:21:06 GMT" finished-at="2019-12-02T21:21:21 GMT">
          <reporter-output>
          </reporter-output>
        </test-method> <!-- homeQuote -->
        <test-method status="PASS" signature="teardown()[pri:0, instance:project123.HomeTest@3b088d51]" name="teardown" is-config="true" duration-ms="315" started-at="2019-12-02T21:21:21 GMT" finished-at="2019-12-02T21:21:21 GMT">
          <reporter-output>
          </reporter-output>
        </test-method> <!-- teardown -->
      </class> <!-- project123.HomeTest -->
    </test> <!-- Test2 -->
    <test name="Test3" duration-ms="57229" started-at="2019-12-02T21:21:22 GMT" finished-at="2019-12-02T21:22:19 GMT">
      <class name="project123.CarTest">
        <test-method status="PASS" signature="homePageNavigation()[pri:0, instance:project123.CarTest@33f88ab]" name="homePageNavigation" is-config="true" duration-ms="8511" started-at="2019-12-02T21:21:22 GMT" finished-at="2019-12-02T21:21:30 GMT">
          <reporter-output>
          </reporter-output>
        </test-method> <!-- homePageNavigation -->
        <test-method status="PASS" signature="navigateToCarQuotePage()[pri:1, instance:project123.CarTest@33f88ab]" name="navigateToCarQuotePage" duration-ms="5366" started-at="2019-12-02T21:21:30 GMT" finished-at="2019-12-02T21:21:36 GMT">
          <reporter-output>
          </reporter-output>
        </test-method> <!-- navigateToCarQuotePage -->
        <test-method status="FAIL" signature="carQuote()[pri:2, instance:project123.CarTest@33f88ab]" name="carQuote" duration-ms="40665" started-at="2019-12-02T21:21:36 GMT" finished-at="2019-12-02T21:22:16 GMT">
          <exception class="org.openqa.selenium.NoSuchElementException">
            <message>
              <![CDATA[no such element: Unable to locate element: {"method":"css selector","selector":"#btnEditDetails"}
  (Session info: chrome=78.0.3904.108)
For documentation on this error, please visit: https://www.seleniumhq.org/exceptions/no_such_element.html
Build info: version: '4.0.0-alpha-2', revision: 'f148142cf8', time: '2019-07-01T20:55:26'
System info: host: 'DESKTOP-G716EM5', ip: '192.168.0.213', os.name: 'Windows 10', os.arch: 'amd64', os.version: '10.0', java.version: '1.8.0_201'
Driver info: org.openqa.selenium.chrome.ChromeDriver
Capabilities {acceptInsecureCerts: false, browserName: chrome, browserVersion: 78.0.3904.108, chrome: {chromedriverVersion: 78.0.3904.105 (60e2d8774a81..., userDataDir: C:\Users\JOHNPU~1\AppData\L...}, goog:chromeOptions: {debuggerAddress: localhost:51510}, javascriptEnabled: true, networkConnectionEnabled: false, pageLoadStrategy: normal, platform: XP, platformName: XP, proxy: Proxy(), setWindowRect: true, strictFileInteractability: false, timeouts: {implicit: 0, pageLoad: 300000, script: 30000}, unhandledPromptBehavior: dismiss and notify}
Session ID: 6f560dc09dd5f611ac3b43b08a2b361a
*** Element info: {Using=id, value=btnEditDetails}]]>
            </message>
            <full-stacktrace>
              <![CDATA[org.openqa.selenium.NoSuchElementException: no such element: Unable to locate element: {"method":"css selector","selector":"#btnEditDetails"}
  (Session info: chrome=78.0.3904.108)
For documentation on this error, please visit: https://www.seleniumhq.org/exceptions/no_such_element.html
Build info: version: '4.0.0-alpha-2', revision: 'f148142cf8', time: '2019-07-01T20:55:26'
System info: host: 'DESKTOP-G716EM5', ip: '192.168.0.213', os.name: 'Windows 10', os.arch: 'amd64', os.version: '10.0', java.version: '1.8.0_201'
Driver info: org.openqa.selenium.chrome.ChromeDriver
Capabilities {acceptInsecureCerts: false, browserName: chrome, browserVersion: 78.0.3904.108, chrome: {chromedriverVersion: 78.0.3904.105 (60e2d8774a81..., userDataDir: C:\Users\JOHNPU~1\AppData\L...}, goog:chromeOptions: {debuggerAddress: localhost:51510}, javascriptEnabled: true, networkConnectionEnabled: false, pageLoadStrategy: normal, platform: XP, platformName: XP, proxy: Proxy(), setWindowRect: true, strictFileInteractability: false, timeouts: {implicit: 0, pageLoad: 300000, script: 30000}, unhandledPromptBehavior: dismiss and notify}
Session ID: 6f560dc09dd5f611ac3b43b08a2b361a
*** Element info: {Using=id, value=btnEditDetails}
at sun.reflect.NativeConstructorAccessorImpl.newInstance0(Native Method)
at sun.reflect.NativeConstructorAccessorImpl.newInstance(NativeConstructorAccessorImpl.java:62)
at sun.reflect.DelegatingConstructorAccessorImpl.newInstance(DelegatingConstructorAccessorImpl.java:45)
at java.lang.reflect.Constructor.newInstance(Constructor.java:423)
at org.openqa.selenium.remote.codec.w3c.W3CHttpResponseCodec.createException(W3CHttpResponseCodec.java:191)
at org.openqa.selenium.remote.codec.w3c.W3CHttpResponseCodec.decode(W3CHttpResponseCodec.java:125)
at org.openqa.selenium.remote.codec.w3c.W3CHttpResponseCodec.decode(W3CHttpResponseCodec.java:52)
at org.openqa.selenium.remote.HttpCommandExecutor.execute(HttpCommandExecutor.java:161)
at org.openqa.selenium.remote.service.DriverCommandExecutor.execute(DriverCommandExecutor.java:83)
at org.openqa.selenium.remote.RemoteWebDriver.execute(RemoteWebDriver.java:576)
at org.openqa.selenium.remote.RemoteWebDriver.findElement(RemoteWebDriver.java:327)
at org.openqa.selenium.remote.RemoteWebDriver.findElementById(RemoteWebDriver.java:375)
at org.openqa.selenium.By$ById.findElement(By.java:188)
at org.openqa.selenium.remote.RemoteWebDriver.findElement(RemoteWebDriver.java:319)
at project123.CarTest.carQuote(CarTest.java:150)
at sun.reflect.NativeMethodAccessorImpl.invoke0(Native Method)
at sun.reflect.NativeMethodAccessorImpl.invoke(NativeMethodAccessorImpl.java:62)
at sun.reflect.DelegatingMethodAccessorImpl.invoke(DelegatingMethodAccessorImpl.java:43)
at java.lang.reflect.Method.invoke(Method.java:498)
at org.testng.internal.MethodInvocationHelper.invokeMethod(MethodInvocationHelper.java:133)
at org.testng.internal.TestInvoker.invokeMethod(TestInvoker.java:584)
at org.testng.internal.TestInvoker.invokeTestMethod(TestInvoker.java:172)
at org.testng.internal.MethodRunner.runInSequence(MethodRunner.java:46)
at org.testng.internal.TestInvoker$MethodInvocationAgent.invoke(TestInvoker.java:804)
at org.testng.internal.TestInvoker.invokeTestMethods(TestInvoker.java:145)
at org.testng.internal.TestMethodWorker.invokeTestMethods(TestMethodWorker.java:146)
at org.testng.internal.TestMethodWorker.run(TestMethodWorker.java:128)
at java.util.ArrayList.forEach(ArrayList.java:1257)
at org.testng.TestRunner.privateRun(TestRunner.java:770)
at org.testng.TestRunner.run(TestRunner.java:591)
at org.testng.SuiteRunner.runTest(SuiteRunner.java:402)
at org.testng.SuiteRunner.runSequentially(SuiteRunner.java:396)
at org.testng.SuiteRunner.privateRun(SuiteRunner.java:355)
at org.testng.SuiteRunner.run(SuiteRunner.java:304)
at org.testng.SuiteRunnerWorker.runSuite(SuiteRunnerWorker.java:53)
at org.testng.SuiteRunnerWorker.run(SuiteRunnerWorker.java:96)
at org.testng.TestNG.runSuitesSequentially(TestNG.java:1180)
at org.testng.TestNG.runSuitesLocally(TestNG.java:1102)
at org.testng.TestNG.runSuites(TestNG.java:1032)
at org.testng.TestNG.run(TestNG.java:1000)
at org.testng.remote.AbstractRemoteTestNG.run(AbstractRemoteTestNG.java:115)
at org.testng.remote.RemoteTestNG.initAndRun(RemoteTestNG.java:251)
at org.testng.remote.RemoteTestNG.main(RemoteTestNG.java:77)
]]>
            </full-stacktrace>
          </exception> <!-- org.openqa.selenium.NoSuchElementException -->
          <reporter-output>
          </reporter-output>
        </test-method> <!-- carQuote -->
        <test-method status="PASS" signature="teardown()[pri:0, instance:project123.CarTest@33f88ab]" name="teardown" is-config="true" duration-ms="2219" started-at="2019-12-02T21:22:17 GMT" finished-at="2019-12-02T21:22:19 GMT">
          <reporter-output>
          </reporter-output>
        </test-method> <!-- teardown -->
      </class> <!-- project123.CarTest -->
    </test> <!-- Test3 -->
  </suite> <!-- Suite -->
</testng-results>
