<?xml version="1.0" encoding="UTF-8"?>
<!-- Generated by org.testng.reporters.JUnitXMLReporter -->
<testsuite hostname="DESKTOP-G716EM5" ignored="0" name="Test1" tests="5" failures="0" timestamp="2019-12-02T21:20:53 GMT" time="18.919" errors="0">
  <testcase name="carRenewal" time="5.415" classname="project123.CarRenewalTest"/>
  <testcase name="pageTitle" time="0.021" classname="project123.CarRenewalTest"/>
  <testcase name="carRenewalPolicyNumberField" time="0.382" classname="project123.CarRenewalTest"/>
  <testcase name="carRenewalDateOfBirthField" time="0.135" classname="project123.CarRenewalTest"/>
  <testcase name="carRenewalLoginButton" time="0.119" classname="project123.CarRenewalTest"/>
</testsuite> <!-- Test1 -->
